TN:
SF:D:/MeanStack/Day2/my-dream-app/src/polyfills.ts
FNF:0
FNH:0
DA:46,1
DA:74,1
LF:2
LH:2
BRF:0
BRH:0
end_of_record
TN:
SF:D:/MeanStack/Day2/my-dream-app/src/test.ts
FNF:0
FNH:0
DA:3,1
DA:4,1
DA:5,1
DA:13,1
DA:18,1
DA:20,1
LF:6
LH:6
BRF:0
BRH:0
end_of_record
TN:
SF:D:/MeanStack/Day2/my-dream-app/src/app/testcomp/testcomp.component.ts
FN:8,(anonymous_2)
FN:10,TestcompComponent
FN:12,(anonymous_4)
FNF:3
FNH:3
FNDA:1,(anonymous_2)
FNDA:3,TestcompComponent
FNDA:3,(anonymous_4)
DA:1,1
DA:8,1
DA:9,3
DA:12,1
DA:16,1
LF:5
LH:5
BRF:0
BRH:0
end_of_record
